<?xml version="1.0" encoding="UTF-8"?>
<testng-results ignored="0" total="1" passed="1" failed="0" skipped="0">
  <reporter-output>
    <line>
      <![CDATA[Setting up reports and Test Started]]>
    </line>
    <line>
      <![CDATA[Setting Done- Test can be started]]>
    </line>
    <line>
      <![CDATA[Trying to start Browser and getting application ready]]>
    </line>
    <line>
      <![CDATA[Browser and Application is up and running]]>
    </line>
    <line>
      <![CDATA[Test is about to end]]>
    </line>
    <line>
      <![CDATA[Test Completed>>> Reports Generated]]>
    </line>
  </reporter-output>
  <suite started-at="2025-09-01T16:36:33 IST" name="Suite" finished-at="2025-09-01T16:36:43 IST" duration-ms="9543">
    <groups>
    </groups>
    <test started-at="2025-09-01T16:36:33 IST" name="Test" finished-at="2025-09-01T16:36:43 IST" duration-ms="9543">
      <class name="com.automation.testcases.LoginTestHRM">
        <test-method is-config="true" signature="setupSuite()[pri:0, instance:com.automation.testcases.LoginTestHRM@bccb269]" started-at="2025-09-01T16:36:33 IST" name="setupSuite" finished-at="2025-09-01T16:36:33 IST" duration-ms="530" status="PASS">
          <reporter-output>
            <line>
              <![CDATA[Setting up reports and Test Started]]>
            </line>
            <line>
              <![CDATA[Setting Done- Test can be started]]>
            </line>
          </reporter-output>
        </test-method> <!-- setupSuite -->
        <test-method is-config="true" signature="setup()[pri:0, instance:com.automation.testcases.LoginTestHRM@bccb269]" started-at="2025-09-01T16:36:33 IST" name="setup" finished-at="2025-09-01T16:36:38 IST" duration-ms="4115" status="PASS">
          <reporter-output>
            <line>
              <![CDATA[Trying to start Browser and getting application ready]]>
            </line>
            <line>
              <![CDATA[Browser and Application is up and running]]>
            </line>
          </reporter-output>
        </test-method> <!-- setup -->
        <test-method signature="loginApp()[pri:1, instance:com.automation.testcases.LoginTestHRM@bccb269]" started-at="2025-09-01T16:36:38 IST" name="loginApp" finished-at="2025-09-01T16:36:42 IST" duration-ms="4353" status="PASS">
          <reporter-output>
          </reporter-output>
        </test-method> <!-- loginApp -->
        <test-method is-config="true" signature="tearDownMethod(org.testng.ITestResult)[pri:0, instance:com.automation.testcases.LoginTestHRM@bccb269]" started-at="2025-09-01T16:36:42 IST" name="tearDownMethod" finished-at="2025-09-01T16:36:43 IST" duration-ms="673" status="PASS">
          <params>
            <param index="0">
              <value>
                <![CDATA[[TestResult name=loginApp status=SUCCESS method=LoginTestHRM.loginApp()[pri:1, instance:com.automation.testcases.LoginTestHRM@bccb269] output={null}]]]>
              </value>
            </param>
          </params>
          <reporter-output>
            <line>
              <![CDATA[Test is about to end]]>
            </line>
            <line>
              <![CDATA[Test Completed>>> Reports Generated]]>
            </line>
          </reporter-output>
        </test-method> <!-- tearDownMethod -->
        <test-method is-config="true" signature="tearDown()[pri:0, instance:com.automation.testcases.LoginTestHRM@bccb269]" started-at="2025-09-01T16:36:43 IST" name="tearDown" finished-at="2025-09-01T16:36:43 IST" duration-ms="369" status="PASS">
          <reporter-output>
          </reporter-output>
        </test-method> <!-- tearDown -->
      </class> <!-- com.automation.testcases.LoginTestHRM -->
    </test> <!-- Test -->
  </suite> <!-- Suite -->
</testng-results>
